<?xml version="1.0" encoding="UTF-8"?>
<testsuite name="com.telran.repeat.tests.GroupCreationTests" tests="1" skipped="1" failures="0" errors="0" timestamp="2018-12-03T12:46:30" hostname="MacBook-Air-de-Steven.local" time="0.0">
  <properties/>
  <testcase name="testGroupCreation" classname="com.telran.repeat.tests.GroupCreationTests" time="0.0">
    <skipped/>
  </testcase>
  <system-out><![CDATA[]]></system-out>
  <system-err><![CDATA[]]></system-err>
</testsuite>
